#
# There is insufficient memory for the Java Runtime Environment to continue.
# Native memory allocation (mmap) failed to map 67108864 bytes for Failed to commit area from 0x00000000e0000000 to 0x00000000e4000000 of length 67108864.
# Possible reasons:
#   The system is out of physical RAM or swap space
#   The process is running with CompressedOops enabled, and the Java Heap may be blocking the growth of the native heap
# Possible solutions:
#   Reduce memory load on the system
#   Increase physical memory or swap space
#   Check if swap backing store is full
#   Decrease Java heap size (-Xmx/-Xms)
#   Decrease number of Java threads
#   Decrease Java thread stack sizes (-Xss)
#   Set larger code cache with -XX:ReservedCodeCacheSize=
# This output file may be truncated or incomplete.
#
#  Out of Memory Error (./src/hotspot/os/windows/os_windows.cpp:3301), pid=12368, tid=10660
#
# JRE version:  (11.0.11+9) (build )
# Java VM: OpenJDK 64-Bit Server VM (11.0.11+9-LTS, mixed mode, sharing, tiered, compressed oops, g1 gc, windows-amd64)
# No core dump will be written. Minidumps are not enabled by default on client versions of Windows
#

---------------  S U M M A R Y ------------

Command Line: -Dorg.gradle.native=false -Xmx512m -Dfile.encoding=windows-1252 -Duser.country=US -Duser.language=en -Duser.variant -ea worker.org.gradle.process.internal.worker.GradleWorkerMain 'Gradle Test Executor 7'

Host: Intel(R) Core(TM) m3-7Y30 CPU @ 1.00GHz, 4 cores, 3G,  Windows 10 , 64 bit Build 18362 (10.0.18362.959)
Time: Sat Apr 24 07:49:15 2021 Cabo Verde Standard Time elapsed time: 0.020689 seconds (0d 0h 0m 0s)

---------------  T H R E A D  ---------------

Current thread (0x000001e8c9b00000):  JavaThread "Unknown thread" [_thread_in_vm, id=10660, stack(0x00000057c8400000,0x00000057c8500000)]

Stack: [0x00000057c8400000,0x00000057c8500000]
Native frames: (J=compiled Java code, j=interpreted, Vv=VM code, C=native code)
V  [jvm.dll+0x5f867a]
V  [jvm.dll+0x78124e]
V  [jvm.dll+0x78291f]
V  [jvm.dll+0x782fe3]
V  [jvm.dll+0x246e88]
V  [jvm.dll+0x5f582a]
V  [jvm.dll+0x5ea325]
V  [jvm.dll+0x2fbc5c]
V  [jvm.dll+0x2fbae2]
V  [jvm.dll+0x300796]
V  [jvm.dll+0x34550f]
V  [jvm.dll+0x344f40]
V  [jvm.dll+0x2d8e88]
V  [jvm.dll+0x2d9fd6]
V  [jvm.dll+0x75c8a7]
V  [jvm.dll+0x75e02f]
V  [jvm.dll+0x352289]
V  [jvm.dll+0x73f990]
V  [jvm.dll+0x3b9c3f]
V  [jvm.dll+0x3bc141]
C  [jli.dll+0x5207]
C  [ucrtbase.dll+0x20e82]
C  [KERNEL32.DLL+0x17bd4]
C  [ntdll.dll+0x6ce51]


---------------  P R O C E S S  ---------------

Threads class SMR info:
_java_thread_list=0x000001e8c7946020, length=0, elements={
}

Java Threads: ( => current thread )

Other Threads:
  0x000001e8c9b19800 GCTaskThread "GC Thread#0" [stack: 0x00000057c8500000,0x00000057c8600000] [id=6396]
  0x000001e8c9b2a800 ConcurrentGCThread "G1 Main Marker" [stack: 0x00000057c8600000,0x00000057c8700000] [id=5616]
  0x000001e8c9b2d800 ConcurrentGCThread "G1 Conc#0" [stack: 0x00000057c8700000,0x00000057c8800000] [id=11616]

[error occurred during error reporting (printing all threads), id 0xc0000005, EXCEPTION_ACCESS_VIOLATION (0xc0000005) at pc=0x00007ffa60ea8547]

VM state:not at safepoint (not fully initialized)

VM Mutex/Monitor currently owned by a thread:  ([mutex/lock_event])
[0x000001e8c9afdab0] Heap_lock - owner thread: 0x000001e8c9b00000

Heap address: 0x00000000e0000000, size: 512 MB, Compressed Oops mode: Non-zero based: 0x00000000e0000000
Narrow klass base: 0x0000000000000000, Narrow klass shift: 0

GC Heap History (0 events):
No events

Deoptimization events (0 events):
No events

Classes redefined (0 events):
No events

Internal exceptions (0 events):
No events

Events (1 events):
Event: 0.012 Loaded shared library C:\Users\anilson\.jdks\corretto-11.0.11\bin\zip.dll


Dynamic libraries:
0x00007ff697af0000 - 0x00007ff697afd000 	C:\Users\anilson\.jdks\corretto-11.0.11\bin\java.exe
0x00007ffac0160000 - 0x00007ffac0350000 	C:\WINDOWS\SYSTEM32\ntdll.dll
0x00007ffabf5c0000 - 0x00007ffabf672000 	C:\WINDOWS\System32\KERNEL32.DLL
0x00007ffabd3e0000 - 0x00007ffabd684000 	C:\WINDOWS\System32\KERNELBASE.dll
0x00007ffabd250000 - 0x00007ffabd34a000 	C:\WINDOWS\System32\ucrtbase.dll
0x00007ffaa6f30000 - 0x00007ffaa6f49000 	C:\Users\anilson\.jdks\corretto-11.0.11\bin\VCRUNTIME140.dll
0x00007ffaaac20000 - 0x00007ffaaac37000 	C:\Users\anilson\.jdks\corretto-11.0.11\bin\jli.dll
0x00007ffabfdb0000 - 0x00007ffabff44000 	C:\WINDOWS\System32\USER32.dll
0x00007ffabd350000 - 0x00007ffabd371000 	C:\WINDOWS\System32\win32u.dll
0x00007ffaa6b20000 - 0x00007ffaa6da4000 	C:\WINDOWS\WinSxS\amd64_microsoft.windows.common-controls_6595b64144ccf1df_6.0.18362.959_none_e6c7bbbf130c62bb\COMCTL32.dll
0x00007ffabf680000 - 0x00007ffabf6a6000 	C:\WINDOWS\System32\GDI32.dll
0x00007ffabf1d0000 - 0x00007ffabf26e000 	C:\WINDOWS\System32\msvcrt.dll
0x00007ffabd7e0000 - 0x00007ffabd976000 	C:\WINDOWS\System32\gdi32full.dll
0x00007ffabf280000 - 0x00007ffabf5b5000 	C:\WINDOWS\System32\combase.dll
0x00007ffabd740000 - 0x00007ffabd7de000 	C:\WINDOWS\System32\msvcp_win.dll
0x00007ffabe210000 - 0x00007ffabe330000 	C:\WINDOWS\System32\RPCRT4.dll
0x00007ffabd690000 - 0x00007ffabd710000 	C:\WINDOWS\System32\bcryptPrimitives.dll
0x00007ffabe730000 - 0x00007ffabe75e000 	C:\WINDOWS\System32\IMM32.DLL
0x00007ffaa2f80000 - 0x00007ffaa301b000 	C:\Users\anilson\.jdks\corretto-11.0.11\bin\msvcp140.dll
0x00007ffa60bc0000 - 0x00007ffa6170c000 	C:\Users\anilson\.jdks\corretto-11.0.11\bin\server\jvm.dll
0x00007ffabe4d0000 - 0x00007ffabe573000 	C:\WINDOWS\System32\ADVAPI32.dll
0x00007ffabe430000 - 0x00007ffabe4c7000 	C:\WINDOWS\System32\sechost.dll
0x00007ffabf270000 - 0x00007ffabf278000 	C:\WINDOWS\System32\PSAPI.DLL
0x00007ffab8b20000 - 0x00007ffab8b29000 	C:\WINDOWS\SYSTEM32\WSOCK32.dll
0x00007ffaa8930000 - 0x00007ffaa893a000 	C:\WINDOWS\SYSTEM32\VERSION.dll
0x00007ffab5dc0000 - 0x00007ffab5de4000 	C:\WINDOWS\SYSTEM32\WINMM.dll
0x00007ffabe760000 - 0x00007ffabe7cf000 	C:\WINDOWS\System32\WS2_32.dll
0x00007ffab5d90000 - 0x00007ffab5dbd000 	C:\WINDOWS\SYSTEM32\winmmbase.dll
0x00007ffabe1c0000 - 0x00007ffabe20a000 	C:\WINDOWS\System32\cfgmgr32.dll
0x00007ffabd0c0000 - 0x00007ffabd0d1000 	C:\WINDOWS\System32\kernel.appcore.dll
0x00007ffaa8b60000 - 0x00007ffaa8b70000 	C:\Users\anilson\.jdks\corretto-11.0.11\bin\verify.dll
0x00007ffabb690000 - 0x00007ffabb884000 	C:\WINDOWS\SYSTEM32\DBGHELP.DLL
0x00007ffaa84e0000 - 0x00007ffaa850a000 	C:\WINDOWS\SYSTEM32\dbgcore.DLL
0x00007ffaa3d90000 - 0x00007ffaa3db8000 	C:\Users\anilson\.jdks\corretto-11.0.11\bin\java.dll
0x00007ffaa6dd0000 - 0x00007ffaa6dda000 	C:\Users\anilson\.jdks\corretto-11.0.11\bin\jimage.dll
0x00007ffaa3d70000 - 0x00007ffaa3d87000 	C:\Users\anilson\.jdks\corretto-11.0.11\bin\zip.dll

dbghelp: loaded successfully - version: 4.0.5 - missing functions: none
symbol engine: initialized successfully - sym options: 0x614 - pdb path: .;C:\Users\anilson\.jdks\corretto-11.0.11\bin;C:\WINDOWS\SYSTEM32;C:\WINDOWS\WinSxS\amd64_microsoft.windows.common-controls_6595b64144ccf1df_6.0.18362.959_none_e6c7bbbf130c62bb;C:\Users\anilson\.jdks\corretto-11.0.11\bin\server

VM Arguments:
jvm_args: -Dorg.gradle.native=false -Xmx512m -Dfile.encoding=windows-1252 -Duser.country=US -Duser.language=en -Duser.variant -ea 
java_command: worker.org.gradle.process.internal.worker.GradleWorkerMain 'Gradle Test Executor 7'
java_class_path (initial): C:\Users\anilson\.gradle\caches\6.7\workerMain\gradle-worker.jar;C:\Users\anilson\Documents\anilson\doc\paths\Kotlin for Java Developers. Week 3\Taxi Park\Task\build\classes\java\test;C:\Users\anilson\Documents\anilson\doc\paths\Kotlin for Java Developers. Week 3\Taxi Park\Task\build\classes\kotlin\test;C:\Users\anilson\Documents\anilson\doc\paths\Kotlin for Java Developers. Week 3\Taxi Park\Task\build\resources\test;C:\Users\anilson\Documents\anilson\doc\paths\Kotlin for Java Developers. Week 3\Taxi Park\Task\build\classes\java\main;C:\Users\anilson\Documents\anilson\doc\paths\Kotlin for Java Developers. Week 3\Taxi Park\Task\build\resources\main;C:\Users\anilson\Documents\anilson\doc\paths\Kotlin for Java Developers. Week 3\util\build\classes\java\main;C:\Users\anilson\Documents\anilson\doc\paths\Kotlin for Java Developers. Week 3\util\build\resources\main;C:\Users\anilson\Documents\anilson\doc\paths\Kotlin for Java Developers. Week 3\util\build\classes\java\test;C:\Users\anilson\Documents\anilson\doc\paths\Kotlin for Java Developers. Week 3\util\build\classes\kotlin\test;C:\Users\anilson\Documents\anilson\doc\paths\Kotlin for Java Developers. Week 3\util\build\resources\test;C:\Users\anilson\.gradle\caches\modules-2\files-2.1\org.jetbrains.kotlin\kotlin-stdlib-jdk8\1.4.10\998caa30623f73223194a8b657abd2baec4880ea\kotlin-stdlib-jdk8-1.4.10.jar;C:\Users\anilson\.gradle\caches\modules-2\files-2.1\junit\junit\4.12\2973d150c0dc1fefe998f834810d68f278ea58ec\junit-4.12.jar;C:\Users\anilson\.gradle\caches\modules-2\files-2.1\org.jetbrains.kotlin\kotlin-stdlib-jdk7\1.4.10\30e46450b0bb3dbf43898d2f461be4a942784780\kotlin-stdlib-jdk7-1.4.10.jar;C:\Users\anilson\.gradle\caches\modules-2\files-2.1\org.jetbrains.kotlin\kotlin-stdlib\1.4.10\ea29e063d2bbe695be13e9d044dcfb0c7add398e\kotlin-stdlib-1.4.10.jar;C:\Users\anilson\.gradle\caches\modules-2\files-2.1\org.hamcrest\hamcrest-core\1.3\42a25dc3219429f0e5d060061f71acb49bf010a0\hamcrest-core-1.3.jar;C:\
Launcher Type: SUN_STANDARD

[Global flags]
     intx CICompilerCount                          = 3                                         {product} {ergonomic}
     uint ConcGCThreads                            = 1                                         {product} {ergonomic}
     uint G1ConcRefinementThreads                  = 4                                         {product} {ergonomic}
   size_t G1HeapRegionSize                         = 1048576                                   {product} {ergonomic}
    uintx GCDrainStackTargetSize                   = 64                                        {product} {ergonomic}
   size_t InitialHeapSize                          = 67108864                                  {product} {ergonomic}
   size_t MarkStackSize                            = 4194304                                   {product} {ergonomic}
   size_t MaxHeapSize                              = 536870912                                 {product} {command line}
   size_t MinHeapDeltaBytes                        = 1048576                                   {product} {ergonomic}
    uintx NonNMethodCodeHeapSize                   = 5830732                                {pd product} {ergonomic}
    uintx NonProfiledCodeHeapSize                  = 122913754                              {pd product} {ergonomic}
    uintx ProfiledCodeHeapSize                     = 122913754                              {pd product} {ergonomic}
    uintx ReservedCodeCacheSize                    = 251658240                              {pd product} {ergonomic}
     bool SegmentedCodeCache                       = true                                      {product} {ergonomic}
     bool UseCompressedClassPointers               = true                                 {lp64_product} {ergonomic}
     bool UseCompressedOops                        = true                                 {lp64_product} {ergonomic}
     bool UseG1GC                                  = true                                      {product} {ergonomic}
     bool UseLargePagesIndividualAllocation        = false                                  {pd product} {ergonomic}

Logging:
Log output configuration:
 #0: stdout all=warning uptime,level,tags
 #1: stderr all=off uptime,level,tags

Environment Variables:
JAVA_HOME=C:\Users\anilson\.jdks\corretto-11.0.10
PATH=C:\Program Files\Common Files\Oracle\Java\javapath;C:\Program Files (x86)\Common Files\Oracle\Java\javapath;C:\WINDOWS\system32;C:\WINDOWS;C:\WINDOWS\System32\Wbem;C:\WINDOWS\System32\WindowsPowerShell\v1.0\;C:\WINDOWS\System32\OpenSSH\;C:\Program Files\Intel\WiFi\bin\;C:\Program Files\Common Files\Intel\WirelessCommon\;C:\Program Files\Git\cmd;C:\ProgramData\chocolatey\bin;C:\tools\mysql\mysql-8.0.23-winx64\bin;C:\Program Files (x86)\apache-maven-3.6.3-bin\apache-maven-3.6.3\bin;C:\apache-tomcat-9.0.43-windows-x64;c:\Program Files (x86)\Intel\Intel(R) Management Engine Components\DAL;c:\Program Files\Intel\Intel(R) Management Engine Components\DAL;C:\Program Files\nodejs\;C:\Users\anilson\AppData\Local\Programs\Python\Python39;C:\Users\anilson\AppData\Local\Microsoft\WindowsApps;C:\tools\mysql\current\bin;;C:\Users\anilson\AppData\Local\Programs\Microsoft VS Code\bin;C:\Users\anilson\AppData\Roaming\npm
USERNAME=anilson
OS=Windows_NT
PROCESSOR_IDENTIFIER=Intel64 Family 6 Model 142 Stepping 9, GenuineIntel



---------------  S Y S T E M  ---------------

OS: Windows 10 , 64 bit Build 18362 (10.0.18362.959)
OS uptime: 0 days 16:18 hours
Hyper-V role detected

CPU:total 4 (initial active 4) (2 cores per cpu, 2 threads per core) family 6 model 142 stepping 9 microcode 0xb4, cmov, cx8, fxsr, mmx, sse, sse2, sse3, ssse3, sse4.1, sse4.2, popcnt, avx, avx2, aes, clmul, erms, 3dnowpref, lzcnt, ht, tsc, tscinvbit, bmi1, bmi2, adx, fma

Memory: 4k page, system-wide physical 3986M (409M free)
TotalPageFile size 7526M (AvailPageFile size 41M)
current process WorkingSet (physical memory assigned to process): 9M, peak: 9M
current process commit charge ("private bytes"): 51M, peak: 115M

vm_info: OpenJDK 64-Bit Server VM (11.0.11+9-LTS) for windows-amd64 JRE (11.0.11+9-LTS), built on Apr 14 2021 00:00:20 by "Administrator" with MS VC++ 15.9 (VS2017)

END.
